<?xml version="1.0" encoding="utf-8"?><testsuites name="pytest tests"><testsuite name="pytest" errors="0" failures="0" skipped="0" tests="35" time="18.370" timestamp="2026-04-19T18:22:50.108328+00:00" hostname="agent-env-92d337c8-54bc-4269-8763-df4adee7a692"><testcase classname="test_oze_crm_api.TestAuth" name="test_login_admin_success" time="0.879" /><testcase classname="test_oze_crm_api.TestAuth" name="test_login_manager_success" time="0.379" /><testcase classname="test_oze_crm_api.TestAuth" name="test_login_handlowiec_success" time="0.384" /><testcase classname="test_oze_crm_api.TestAuth" name="test_login_wrong_password" time="0.358" /><testcase classname="test_oze_crm_api.TestAuth" name="test_auth_me_with_token" time="0.427" /><testcase classname="test_oze_crm_api.TestSettings" name="test_get_settings" time="0.417" /><testcase classname="test_oze_crm_api.TestSettings" name="test_update_settings_as_admin" time="0.580" /><testcase classname="test_oze_crm_api.TestSettings" name="test_update_settings_as_manager_forbidden" time="0.374" /><testcase classname="test_oze_crm_api.TestDashboard" name="test_manager_dashboard" time="0.404" /><testcase classname="test_oze_crm_api.TestDashboard" name="test_manager_dashboard_as_handlowiec_forbidden" time="0.414" /><testcase classname="test_oze_crm_api.TestDashboard" name="test_rep_dashboard" time="0.391" /><testcase classname="test_oze_crm_api.TestLeads" name="test_get_leads_as_handlowiec" time="0.479" /><testcase classname="test_oze_crm_api.TestLeads" name="test_get_leads_as_manager" time="0.401" /><testcase classname="test_oze_crm_api.TestLeads" name="test_create_lead_as_handlowiec" time="0.494" /><testcase classname="test_oze_crm_api.TestLeads" name="test_update_lead_status" time="0.530" /><testcase classname="test_oze_crm_api.TestLeads" name="test_update_lead_note" time="0.488" /><testcase classname="test_oze_crm_api.TestLeads" name="test_manager_dashboard_status_breakdown" time="0.376" /><testcase classname="test_oze_crm_api.TestUsers" name="test_register_as_admin" time="0.897" /><testcase classname="test_oze_crm_api.TestUsers" name="test_register_as_non_admin_forbidden" time="0.387" /><testcase classname="test_oze_crm_api.TestUsers" name="test_get_users_as_admin" time="0.387" /><testcase classname="test_oze_crm_api.TestUsers" name="test_get_users_as_manager" time="0.397" /><testcase classname="test_oze_crm_api.TestUsers" name="test_get_users_as_handlowiec" time="0.391" /><testcase classname="test_oze_crm_api.TestUsers" name="test_delete_user_as_admin" time="0.763" /><testcase classname="test_oze_crm_api.TestUsers" name="test_delete_user_as_manager_forbidden" time="0.416" /><testcase classname="test_oze_crm_api.TestDocuments" name="test_upload_document_as_assigned_handlowiec" time="0.475" /><testcase classname="test_oze_crm_api.TestDocuments" name="test_list_documents" time="0.465" /><testcase classname="test_oze_crm_api.TestDocuments" name="test_get_single_document_with_data" time="0.551" /><testcase classname="test_oze_crm_api.TestDocuments" name="test_delete_document" time="0.518" /><testcase classname="test_oze_crm_api.TestDocuments" name="test_upload_document_as_non_assigned_handlowiec_forbidden" time="0.702" /><testcase classname="test_oze_crm_api.TestDocuments" name="test_upload_oversized_document_rejected" time="1.144" /><testcase classname="test_oze_crm_api.TestRepLocation" name="test_push_rep_location" time="0.396" /><testcase classname="test_oze_crm_api.TestRepLocation" name="test_push_rep_location_upsert" time="0.799" /><testcase classname="test_oze_crm_api.TestRepLocation" name="test_delete_rep_location" time="0.483" /><testcase classname="test_oze_crm_api.TestRepLocation" name="test_manager_dashboard_returns_reps_live" time="0.778" /><testcase classname="test_oze_crm_api.TestRepLocation" name="test_manager_dashboard_as_handlowiec_forbidden" time="0.417" /></testsuite></testsuites>