<?xml version="1.0" encoding="utf-8"?><testsuites name="pytest tests"><testsuite name="pytest" errors="0" failures="0" skipped="0" tests="22" time="9.894" timestamp="2026-04-19T15:50:59.590854+00:00" hostname="agent-env-92d337c8-54bc-4269-8763-df4adee7a692"><testcase classname="tests.test_oze_crm_api.TestAuth" name="test_login_admin_success" time="0.363" /><testcase classname="tests.test_oze_crm_api.TestAuth" name="test_login_manager_success" time="0.326" /><testcase classname="tests.test_oze_crm_api.TestAuth" name="test_login_handlowiec_success" time="0.462" /><testcase classname="tests.test_oze_crm_api.TestAuth" name="test_login_wrong_password" time="0.351" /><testcase classname="tests.test_oze_crm_api.TestAuth" name="test_auth_me_with_token" time="0.400" /><testcase classname="tests.test_oze_crm_api.TestSettings" name="test_get_settings" time="0.401" /><testcase classname="tests.test_oze_crm_api.TestSettings" name="test_update_settings_as_admin" time="0.531" /><testcase classname="tests.test_oze_crm_api.TestSettings" name="test_update_settings_as_manager_forbidden" time="0.397" /><testcase classname="tests.test_oze_crm_api.TestDashboard" name="test_manager_dashboard" time="0.386" /><testcase classname="tests.test_oze_crm_api.TestDashboard" name="test_manager_dashboard_as_handlowiec_forbidden" time="0.386" /><testcase classname="tests.test_oze_crm_api.TestDashboard" name="test_rep_dashboard" time="0.398" /><testcase classname="tests.test_oze_crm_api.TestLeads" name="test_get_leads_as_handlowiec" time="0.426" /><testcase classname="tests.test_oze_crm_api.TestLeads" name="test_get_leads_as_manager" time="0.383" /><testcase classname="tests.test_oze_crm_api.TestLeads" name="test_create_lead_as_handlowiec" time="0.487" /><testcase classname="tests.test_oze_crm_api.TestLeads" name="test_update_lead_status" time="0.500" /><testcase classname="tests.test_oze_crm_api.TestUsers" name="test_register_as_admin" time="0.863" /><testcase classname="tests.test_oze_crm_api.TestUsers" name="test_register_as_non_admin_forbidden" time="0.394" /><testcase classname="tests.test_oze_crm_api.TestUsers" name="test_get_users_as_admin" time="0.392" /><testcase classname="tests.test_oze_crm_api.TestUsers" name="test_get_users_as_manager" time="0.397" /><testcase classname="tests.test_oze_crm_api.TestUsers" name="test_get_users_as_handlowiec" time="0.387" /><testcase classname="tests.test_oze_crm_api.TestUsers" name="test_delete_user_as_admin" time="0.720" /><testcase classname="tests.test_oze_crm_api.TestUsers" name="test_delete_user_as_manager_forbidden" time="0.412" /></testsuite></testsuites>