<?xml version="1.0" encoding="utf-8"?><testsuites name="pytest tests"><testsuite name="pytest" errors="0" failures="0" skipped="0" tests="35" time="18.375" timestamp="2026-04-19T17:51:59.284625+00:00" hostname="agent-env-92d337c8-54bc-4269-8763-df4adee7a692"><testcase classname="tests.test_oze_crm_api.TestAuth" name="test_login_admin_success" time="0.606" /><testcase classname="tests.test_oze_crm_api.TestAuth" name="test_login_manager_success" time="0.380" /><testcase classname="tests.test_oze_crm_api.TestAuth" name="test_login_handlowiec_success" time="0.381" /><testcase classname="tests.test_oze_crm_api.TestAuth" name="test_login_wrong_password" time="0.365" /><testcase classname="tests.test_oze_crm_api.TestAuth" name="test_auth_me_with_token" time="0.428" /><testcase classname="tests.test_oze_crm_api.TestSettings" name="test_get_settings" time="0.385" /><testcase classname="tests.test_oze_crm_api.TestSettings" name="test_update_settings_as_admin" time="0.585" /><testcase classname="tests.test_oze_crm_api.TestSettings" name="test_update_settings_as_manager_forbidden" time="0.376" /><testcase classname="tests.test_oze_crm_api.TestDashboard" name="test_manager_dashboard" time="0.378" /><testcase classname="tests.test_oze_crm_api.TestDashboard" name="test_manager_dashboard_as_handlowiec_forbidden" time="0.390" /><testcase classname="tests.test_oze_crm_api.TestDashboard" name="test_rep_dashboard" time="0.396" /><testcase classname="tests.test_oze_crm_api.TestLeads" name="test_get_leads_as_handlowiec" time="0.473" /><testcase classname="tests.test_oze_crm_api.TestLeads" name="test_get_leads_as_manager" time="0.399" /><testcase classname="tests.test_oze_crm_api.TestLeads" name="test_create_lead_as_handlowiec" time="0.522" /><testcase classname="tests.test_oze_crm_api.TestLeads" name="test_update_lead_status" time="0.505" /><testcase classname="tests.test_oze_crm_api.TestLeads" name="test_update_lead_note" time="0.493" /><testcase classname="tests.test_oze_crm_api.TestLeads" name="test_manager_dashboard_status_breakdown" time="0.409" /><testcase classname="tests.test_oze_crm_api.TestUsers" name="test_register_as_admin" time="0.921" /><testcase classname="tests.test_oze_crm_api.TestUsers" name="test_register_as_non_admin_forbidden" time="0.383" /><testcase classname="tests.test_oze_crm_api.TestUsers" name="test_get_users_as_admin" time="0.446" /><testcase classname="tests.test_oze_crm_api.TestUsers" name="test_get_users_as_manager" time="0.378" /><testcase classname="tests.test_oze_crm_api.TestUsers" name="test_get_users_as_handlowiec" time="0.381" /><testcase classname="tests.test_oze_crm_api.TestUsers" name="test_delete_user_as_admin" time="0.740" /><testcase classname="tests.test_oze_crm_api.TestUsers" name="test_delete_user_as_manager_forbidden" time="0.435" /><testcase classname="tests.test_oze_crm_api.TestDocuments" name="test_upload_document_as_assigned_handlowiec" time="0.529" /><testcase classname="tests.test_oze_crm_api.TestDocuments" name="test_list_documents" time="0.491" /><testcase classname="tests.test_oze_crm_api.TestDocuments" name="test_get_single_document_with_data" time="0.492" /><testcase classname="tests.test_oze_crm_api.TestDocuments" name="test_delete_document" time="0.587" /><testcase classname="tests.test_oze_crm_api.TestDocuments" name="test_upload_document_as_non_assigned_handlowiec_forbidden" time="0.752" /><testcase classname="tests.test_oze_crm_api.TestDocuments" name="test_upload_oversized_document_rejected" time="1.190" /><testcase classname="tests.test_oze_crm_api.TestRepLocation" name="test_push_rep_location" time="0.390" /><testcase classname="tests.test_oze_crm_api.TestRepLocation" name="test_push_rep_location_upsert" time="0.917" /><testcase classname="tests.test_oze_crm_api.TestRepLocation" name="test_delete_rep_location" time="0.438" /><testcase classname="tests.test_oze_crm_api.TestRepLocation" name="test_manager_dashboard_returns_reps_live" time="0.743" /><testcase classname="tests.test_oze_crm_api.TestRepLocation" name="test_manager_dashboard_as_handlowiec_forbidden" time="0.411" /></testsuite></testsuites>